This is pdfTeX, Version 3.141592653-2.6-1.40.25 (TeX Live 2023/Debian) (preloaded format=pdflatex 2026.4.18)  26 APR 2026 12:20
entering extended mode
 restricted \write18 enabled.
 %&-line parsing enabled.
**main.tex
(./main.tex
LaTeX2e <2023-11-01> patch level 1
L3 programming layer <2024-01-22>
(/usr/share/texlive/texmf-dist/tex/latex/base/article.cls
Document Class: article 2023/05/17 v1.4n Standard LaTeX document class
(/usr/share/texlive/texmf-dist/tex/latex/base/size12.clo
File: size12.clo 2023/05/17 v1.4n Standard LaTeX file (size option)
)
\c@part=\count187
\c@section=\count188
\c@subsection=\count189
\c@subsubsection=\count190
\c@paragraph=\count191
\c@subparagraph=\count192
\c@figure=\count193
\c@table=\count194
\abovecaptionskip=\skip48
\belowcaptionskip=\skip49
\bibindent=\dimen140
)
(/usr/share/texlive/texmf-dist/tex/latex/base/fontenc.sty
Package: fontenc 2021/04/29 v2.0v Standard LaTeX package
)
(/usr/share/texlive/texmf-dist/tex/latex/base/inputenc.sty
Package: inputenc 2021/02/14 v1.3d Input encoding file
\inpenc@prehook=\toks17
\inpenc@posthook=\toks18
)
(/usr/share/texlive/texmf-dist/tex/latex/amsmath/amsmath.sty
Package: amsmath 2023/05/13 v2.17o AMS math features
\@mathmargin=\skip50

For additional information on amsmath, use the `?' option.
(/usr/share/texlive/texmf-dist/tex/latex/amsmath/amstext.sty
Package: amstext 2021/08/26 v2.01 AMS text

(/usr/share/texlive/texmf-dist/tex/latex/amsmath/amsgen.sty
File: amsgen.sty 1999/11/30 v2.0 generic functions
\@emptytoks=\toks19
\ex@=\dimen141
))
(/usr/share/texlive/texmf-dist/tex/latex/amsmath/amsbsy.sty
Package: amsbsy 1999/11/29 v1.2d Bold Symbols
\pmbraise@=\dimen142
)
(/usr/share/texlive/texmf-dist/tex/latex/amsmath/amsopn.sty
Package: amsopn 2022/04/08 v2.04 operator names
)
\inf@bad=\count195
LaTeX Info: Redefining \frac on input line 234.
\uproot@=\count196
\leftroot@=\count197
LaTeX Info: Redefining \overline on input line 399.
LaTeX Info: Redefining \colon on input line 410.
\classnum@=\count198
\DOTSCASE@=\count199
LaTeX Info: Redefining \ldots on input line 496.
LaTeX Info: Redefining \dots on input line 499.
LaTeX Info: Redefining \cdots on input line 620.
\Mathstrutbox@=\box51
\strutbox@=\box52
LaTeX Info: Redefining \big on input line 722.
LaTeX Info: Redefining \Big on input line 723.
LaTeX Info: Redefining \bigg on input line 724.
LaTeX Info: Redefining \Bigg on input line 725.
\big@size=\dimen143
LaTeX Font Info:    Redeclaring font encoding OML on input line 743.
LaTeX Font Info:    Redeclaring font encoding OMS on input line 744.
\macc@depth=\count266
LaTeX Info: Redefining \bmod on input line 905.
LaTeX Info: Redefining \pmod on input line 910.
LaTeX Info: Redefining \smash on input line 940.
LaTeX Info: Redefining \relbar on input line 970.
LaTeX Info: Redefining \Relbar on input line 971.
\c@MaxMatrixCols=\count267
\dotsspace@=\muskip16
\c@parentequation=\count268
\dspbrk@lvl=\count269
\tag@help=\toks20
\row@=\count270
\column@=\count271
\maxfields@=\count272
\andhelp@=\toks21
\eqnshift@=\dimen144
\alignsep@=\dimen145
\tagshift@=\dimen146
\tagwidth@=\dimen147
\totwidth@=\dimen148
\lineht@=\dimen149
\@envbody=\toks22
\multlinegap=\skip51
\multlinetaggap=\skip52
\mathdisplay@stack=\toks23
LaTeX Info: Redefining \[ on input line 2953.
LaTeX Info: Redefining \] on input line 2954.
)
(/usr/share/texlive/texmf-dist/tex/latex/amsfonts/amsfonts.sty
Package: amsfonts 2013/01/14 v3.01 Basic AMSFonts support
\symAMSa=\mathgroup4
\symAMSb=\mathgroup5
LaTeX Font Info:    Redeclaring math symbol \hbar on input line 98.
LaTeX Font Info:    Overwriting math alphabet `\mathfrak' in version `bold'
(Font)                  U/euf/m/n --> U/euf/b/n on input line 106.
)
(/usr/share/texlive/texmf-dist/tex/latex/amsfonts/amssymb.sty
Package: amssymb 2013/01/14 v3.01 AMS font symbols
)
(/usr/share/texlive/texmf-dist/tex/latex/algorithms/algorithm.sty
Package: algorithm 2009/08/24 v0.1 Document Style `algorithm' - floating enviro
nment

(/usr/share/texlive/texmf-dist/tex/latex/float/float.sty
Package: float 2001/11/08 v1.3d Float enhancements (AL)
\c@float@type=\count273
\float@exts=\toks24
\float@box=\box53
\@float@everytoks=\toks25
\@floatcapt=\box54
)
(/usr/share/texlive/texmf-dist/tex/latex/base/ifthen.sty
Package: ifthen 2022/04/13 v1.1d Standard LaTeX ifthen package (DPC)
)
\@float@every@algorithm=\toks26
\c@algorithm=\count274
)
(/usr/share/texlive/texmf-dist/tex/latex/algorithmicx/algpseudocode.sty
Package: algpseudocode 

(/usr/share/texlive/texmf-dist/tex/latex/algorithmicx/algorithmicx.sty
Package: algorithmicx 2005/04/27 v1.2 Algorithmicx

Document Style algorithmicx 1.2 - a greatly improved `algorithmic' style
\c@ALG@line=\count275
\c@ALG@rem=\count276
\c@ALG@nested=\count277
\ALG@tlm=\skip53
\ALG@thistlm=\skip54
\c@ALG@Lnr=\count278
\c@ALG@blocknr=\count279
\c@ALG@storecount=\count280
\c@ALG@tmpcounter=\count281
\ALG@tmplength=\skip55
)
Document Style - pseudocode environments for use with the `algorithmicx' style
) (/usr/share/texlive/texmf-dist/tex/latex/graphics/graphicx.sty
Package: graphicx 2021/09/16 v1.2d Enhanced LaTeX Graphics (DPC,SPQR)

(/usr/share/texlive/texmf-dist/tex/latex/graphics/keyval.sty
Package: keyval 2022/05/29 v1.15 key=value parser (DPC)
\KV@toks@=\toks27
)
(/usr/share/texlive/texmf-dist/tex/latex/graphics/graphics.sty
Package: graphics 2022/03/10 v1.4e Standard LaTeX Graphics (DPC,SPQR)

(/usr/share/texlive/texmf-dist/tex/latex/graphics/trig.sty
Package: trig 2021/08/11 v1.11 sin cos tan (DPC)
)
(/usr/share/texlive/texmf-dist/tex/latex/graphics-cfg/graphics.cfg
File: graphics.cfg 2016/06/04 v1.11 sample graphics configuration
)
Package graphics Info: Driver file: pdftex.def on input line 107.

(/usr/share/texlive/texmf-dist/tex/latex/graphics-def/pdftex.def
File: pdftex.def 2022/09/22 v1.2b Graphics/color driver for pdftex
))
\Gin@req@height=\dimen150
\Gin@req@width=\dimen151
)
(/usr/share/texlive/texmf-dist/tex/latex/geometry/geometry.sty
Package: geometry 2020/01/02 v5.9 Page Geometry

(/usr/share/texlive/texmf-dist/tex/generic/iftex/ifvtex.sty
Package: ifvtex 2019/10/25 v1.7 ifvtex legacy package. Use iftex instead.

(/usr/share/texlive/texmf-dist/tex/generic/iftex/iftex.sty
Package: iftex 2022/02/03 v1.0f TeX engine tests
))
\Gm@cnth=\count282
\Gm@cntv=\count283
\c@Gm@tempcnt=\count284
\Gm@bindingoffset=\dimen152
\Gm@wd@mp=\dimen153
\Gm@odd@mp=\dimen154
\Gm@even@mp=\dimen155
\Gm@layoutwidth=\dimen156
\Gm@layoutheight=\dimen157
\Gm@layouthoffset=\dimen158
\Gm@layoutvoffset=\dimen159
\Gm@dimlist=\toks28
)
(/usr/share/texlive/texmf-dist/tex/latex/tabulary/tabulary.sty
Package: tabulary 2014/06/11 v0.10 tabulary package (DPC)

(/usr/share/texlive/texmf-dist/tex/latex/tools/array.sty
Package: array 2023/10/16 v2.5g Tabular extension package (FMi)
\col@sep=\dimen160
\ar@mcellbox=\box55
\extrarowheight=\dimen161
\NC@list=\toks29
\extratabsurround=\skip56
\backup@length=\skip57
\ar@cellbox=\box56
)
\TY@count=\count285
\TY@linewidth=\dimen162
\tymin=\dimen163
\tymax=\dimen164
\TY@tablewidth=\dimen165
)
(/usr/share/texlive/texmf-dist/tex/latex/caption/caption.sty
Package: caption 2023/08/05 v3.6o Customizing captions (AR)

(/usr/share/texlive/texmf-dist/tex/latex/caption/caption3.sty
Package: caption3 2023/07/31 v2.4d caption3 kernel (AR)
\caption@tempdima=\dimen166
\captionmargin=\dimen167
\caption@leftmargin=\dimen168
\caption@rightmargin=\dimen169
\caption@width=\dimen170
\caption@indent=\dimen171
\caption@parindent=\dimen172
\caption@hangindent=\dimen173
Package caption Info: Standard document class detected.
)
\c@caption@flags=\count286
\c@continuedfloat=\count287
Package caption Info: float package is loaded.
)
(/usr/share/texlive/texmf-dist/tex/latex/caption/subcaption.sty
Package: subcaption 2023/07/28 v1.6b Sub-captions (AR)
Package caption Info: New subtype `subfigure' on input line 238.
\c@subfigure=\count288
Package caption Info: New subtype `subtable' on input line 238.
\c@subtable=\count289
)
(/usr/share/texlive/texmf-dist/tex/latex/xcolor/xcolor.sty
Package: xcolor 2023/11/15 v3.01 LaTeX color extensions (UK)

(/usr/share/texlive/texmf-dist/tex/latex/graphics-cfg/color.cfg
File: color.cfg 2016/01/02 v1.6 sample color configuration
)
Package xcolor Info: Driver file: pdftex.def on input line 274.

(/usr/share/texlive/texmf-dist/tex/latex/graphics/mathcolor.ltx)
Package xcolor Info: Model `cmy' substituted by `cmy0' on input line 1350.
Package xcolor Info: Model `hsb' substituted by `rgb' on input line 1354.
Package xcolor Info: Model `RGB' extended on input line 1366.
Package xcolor Info: Model `HTML' substituted by `rgb' on input line 1368.
Package xcolor Info: Model `Hsb' substituted by `hsb' on input line 1369.
Package xcolor Info: Model `tHsb' substituted by `hsb' on input line 1370.
Package xcolor Info: Model `HSB' substituted by `hsb' on input line 1371.
Package xcolor Info: Model `Gray' substituted by `gray' on input line 1372.
Package xcolor Info: Model `wave' substituted by `hsb' on input line 1373.
)
(/usr/share/texlive/texmf-dist/tex/latex/tools/bm.sty
Package: bm 2023/07/08 v1.2f Bold Symbol Support (DPC/FMi)
\symboldoperators=\mathgroup6
\symboldletters=\mathgroup7
\symboldsymbols=\mathgroup8
Package bm Info: No bold for \OMX/cmex/m/n, using \pmb.
Package bm Info: No bold for \U/msa/m/n, using \pmb.
Package bm Info: No bold for \U/msb/m/n, using \pmb.
LaTeX Font Info:    Redeclaring math alphabet \mathbf on input line 149.
)
(/usr/share/texlive/texmf-dist/tex/latex/tools/longtable.sty
Package: longtable 2023-11-01 v4.19 Multi-page Table package (DPC)
\LTleft=\skip58
\LTright=\skip59
\LTpre=\skip60
\LTpost=\skip61
\LTchunksize=\count290
\LTcapwidth=\dimen174
\LT@head=\box57
\LT@firsthead=\box58
\LT@foot=\box59
\LT@lastfoot=\box60
\LT@gbox=\box61
\LT@cols=\count291
\LT@rows=\count292
\c@LT@tables=\count293
\c@LT@chunks=\count294
\LT@p@ftn=\toks30
)
(/usr/share/texlive/texmf-dist/tex/latex/listings/listings.sty
\lst@mode=\count295
\lst@gtempboxa=\box62
\lst@token=\toks31
\lst@length=\count296
\lst@currlwidth=\dimen175
\lst@column=\count297
\lst@pos=\count298
\lst@lostspace=\dimen176
\lst@width=\dimen177
\lst@newlines=\count299
\lst@lineno=\count300
\lst@maxwidth=\dimen178

(/usr/share/texlive/texmf-dist/tex/latex/listings/lstmisc.sty
File: lstmisc.sty 2023/02/27 1.9 (Carsten Heinz)
\c@lstnumber=\count301
\lst@skipnumbers=\count302
\lst@framebox=\box63
)
(/usr/share/texlive/texmf-dist/tex/latex/listings/listings.cfg
File: listings.cfg 2023/02/27 1.9 listings configuration
))
Package: listings 2023/02/27 1.9 (Carsten Heinz)

(/usr/share/texlive/texmf-dist/tex/latex/pgf/frontendlayer/tikz.sty
(/usr/share/texlive/texmf-dist/tex/latex/pgf/basiclayer/pgf.sty
(/usr/share/texlive/texmf-dist/tex/latex/pgf/utilities/pgfrcs.sty
(/usr/share/texlive/texmf-dist/tex/generic/pgf/utilities/pgfutil-common.tex
\pgfutil@everybye=\toks32
\pgfutil@tempdima=\dimen179
\pgfutil@tempdimb=\dimen180
)
(/usr/share/texlive/texmf-dist/tex/generic/pgf/utilities/pgfutil-latex.def
\pgfutil@abb=\box64
)
(/usr/share/texlive/texmf-dist/tex/generic/pgf/utilities/pgfrcs.code.tex
(/usr/share/texlive/texmf-dist/tex/generic/pgf/pgf.revision.tex)
Package: pgfrcs 2023-01-15 v3.1.10 (3.1.10)
))
Package: pgf 2023-01-15 v3.1.10 (3.1.10)

(/usr/share/texlive/texmf-dist/tex/latex/pgf/basiclayer/pgfcore.sty
(/usr/share/texlive/texmf-dist/tex/latex/pgf/systemlayer/pgfsys.sty
(/usr/share/texlive/texmf-dist/tex/generic/pgf/systemlayer/pgfsys.code.tex
Package: pgfsys 2023-01-15 v3.1.10 (3.1.10)

(/usr/share/texlive/texmf-dist/tex/generic/pgf/utilities/pgfkeys.code.tex
\pgfkeys@pathtoks=\toks33
\pgfkeys@temptoks=\toks34

(/usr/share/texlive/texmf-dist/tex/generic/pgf/utilities/pgfkeyslibraryfiltered
.code.tex
\pgfkeys@tmptoks=\toks35
))
\pgf@x=\dimen181
\pgf@y=\dimen182
\pgf@xa=\dimen183
\pgf@ya=\dimen184
\pgf@xb=\dimen185
\pgf@yb=\dimen186
\pgf@xc=\dimen187
\pgf@yc=\dimen188
\pgf@xd=\dimen189
\pgf@yd=\dimen190
\w@pgf@writea=\write3
\r@pgf@reada=\read2
\c@pgf@counta=\count303
\c@pgf@countb=\count304
\c@pgf@countc=\count305
\c@pgf@countd=\count306
\t@pgf@toka=\toks36
\t@pgf@tokb=\toks37
\t@pgf@tokc=\toks38
\pgf@sys@id@count=\count307
 (/usr/share/texlive/texmf-dist/tex/generic/pgf/systemlayer/pgf.cfg
File: pgf.cfg 2023-01-15 v3.1.10 (3.1.10)
)
Driver file for pgf: pgfsys-pdftex.def
(/usr/share/texlive/texmf-dist/tex/generic/pgf/systemlayer/pgfsys-pdftex.def
File: pgfsys-pdftex.def 2023-01-15 v3.1.10 (3.1.10)

(/usr/share/texlive/texmf-dist/tex/generic/pgf/systemlayer/pgfsys-common-pdf.de
f
File: pgfsys-common-pdf.def 2023-01-15 v3.1.10 (3.1.10)
)))
(/usr/share/texlive/texmf-dist/tex/generic/pgf/systemlayer/pgfsyssoftpath.code.
tex
File: pgfsyssoftpath.code.tex 2023-01-15 v3.1.10 (3.1.10)
\pgfsyssoftpath@smallbuffer@items=\count308
\pgfsyssoftpath@bigbuffer@items=\count309
)
(/usr/share/texlive/texmf-dist/tex/generic/pgf/systemlayer/pgfsysprotocol.code.
tex
File: pgfsysprotocol.code.tex 2023-01-15 v3.1.10 (3.1.10)
))
(/usr/share/texlive/texmf-dist/tex/generic/pgf/basiclayer/pgfcore.code.tex
Package: pgfcore 2023-01-15 v3.1.10 (3.1.10)

(/usr/share/texlive/texmf-dist/tex/generic/pgf/math/pgfmath.code.tex
(/usr/share/texlive/texmf-dist/tex/generic/pgf/math/pgfmathutil.code.tex)
(/usr/share/texlive/texmf-dist/tex/generic/pgf/math/pgfmathparser.code.tex
\pgfmath@dimen=\dimen191
\pgfmath@count=\count310
\pgfmath@box=\box65
\pgfmath@toks=\toks39
\pgfmath@stack@operand=\toks40
\pgfmath@stack@operation=\toks41
)
(/usr/share/texlive/texmf-dist/tex/generic/pgf/math/pgfmathfunctions.code.tex)
(/usr/share/texlive/texmf-dist/tex/generic/pgf/math/pgfmathfunctions.basic.code
.tex)
(/usr/share/texlive/texmf-dist/tex/generic/pgf/math/pgfmathfunctions.trigonomet
ric.code.tex)
(/usr/share/texlive/texmf-dist/tex/generic/pgf/math/pgfmathfunctions.random.cod
e.tex)
(/usr/share/texlive/texmf-dist/tex/generic/pgf/math/pgfmathfunctions.comparison
.code.tex)
(/usr/share/texlive/texmf-dist/tex/generic/pgf/math/pgfmathfunctions.base.code.
tex)
(/usr/share/texlive/texmf-dist/tex/generic/pgf/math/pgfmathfunctions.round.code
.tex)
(/usr/share/texlive/texmf-dist/tex/generic/pgf/math/pgfmathfunctions.misc.code.
tex)
(/usr/share/texlive/texmf-dist/tex/generic/pgf/math/pgfmathfunctions.integerari
thmetics.code.tex)
(/usr/share/texlive/texmf-dist/tex/generic/pgf/math/pgfmathcalc.code.tex)
(/usr/share/texlive/texmf-dist/tex/generic/pgf/math/pgfmathfloat.code.tex
\c@pgfmathroundto@lastzeros=\count311
))
(/usr/share/texlive/texmf-dist/tex/generic/pgf/math/pgfint.code.tex)
(/usr/share/texlive/texmf-dist/tex/generic/pgf/basiclayer/pgfcorepoints.code.te
x
File: pgfcorepoints.code.tex 2023-01-15 v3.1.10 (3.1.10)
\pgf@picminx=\dimen192
\pgf@picmaxx=\dimen193
\pgf@picminy=\dimen194
\pgf@picmaxy=\dimen195
\pgf@pathminx=\dimen196
\pgf@pathmaxx=\dimen197
\pgf@pathminy=\dimen198
\pgf@pathmaxy=\dimen199
\pgf@xx=\dimen256
\pgf@xy=\dimen257
\pgf@yx=\dimen258
\pgf@yy=\dimen259
\pgf@zx=\dimen260
\pgf@zy=\dimen261
)
(/usr/share/texlive/texmf-dist/tex/generic/pgf/basiclayer/pgfcorepathconstruct.
code.tex
File: pgfcorepathconstruct.code.tex 2023-01-15 v3.1.10 (3.1.10)
\pgf@path@lastx=\dimen262
\pgf@path@lasty=\dimen263
)
(/usr/share/texlive/texmf-dist/tex/generic/pgf/basiclayer/pgfcorepathusage.code
.tex
File: pgfcorepathusage.code.tex 2023-01-15 v3.1.10 (3.1.10)
\pgf@shorten@end@additional=\dimen264
\pgf@shorten@start@additional=\dimen265
)
(/usr/share/texlive/texmf-dist/tex/generic/pgf/basiclayer/pgfcorescopes.code.te
x
File: pgfcorescopes.code.tex 2023-01-15 v3.1.10 (3.1.10)
\pgfpic=\box66
\pgf@hbox=\box67
\pgf@layerbox@main=\box68
\pgf@picture@serial@count=\count312
)
(/usr/share/texlive/texmf-dist/tex/generic/pgf/basiclayer/pgfcoregraphicstate.c
ode.tex
File: pgfcoregraphicstate.code.tex 2023-01-15 v3.1.10 (3.1.10)
\pgflinewidth=\dimen266
)
(/usr/share/texlive/texmf-dist/tex/generic/pgf/basiclayer/pgfcoretransformation
s.code.tex
File: pgfcoretransformations.code.tex 2023-01-15 v3.1.10 (3.1.10)
\pgf@pt@x=\dimen267
\pgf@pt@y=\dimen268
\pgf@pt@temp=\dimen269
)
(/usr/share/texlive/texmf-dist/tex/generic/pgf/basiclayer/pgfcorequick.code.tex
File: pgfcorequick.code.tex 2023-01-15 v3.1.10 (3.1.10)
)
(/usr/share/texlive/texmf-dist/tex/generic/pgf/basiclayer/pgfcoreobjects.code.t
ex
File: pgfcoreobjects.code.tex 2023-01-15 v3.1.10 (3.1.10)
)
(/usr/share/texlive/texmf-dist/tex/generic/pgf/basiclayer/pgfcorepathprocessing
.code.tex
File: pgfcorepathprocessing.code.tex 2023-01-15 v3.1.10 (3.1.10)
)
(/usr/share/texlive/texmf-dist/tex/generic/pgf/basiclayer/pgfcorearrows.code.te
x
File: pgfcorearrows.code.tex 2023-01-15 v3.1.10 (3.1.10)
\pgfarrowsep=\dimen270
)
(/usr/share/texlive/texmf-dist/tex/generic/pgf/basiclayer/pgfcoreshade.code.tex
File: pgfcoreshade.code.tex 2023-01-15 v3.1.10 (3.1.10)
\pgf@max=\dimen271
\pgf@sys@shading@range@num=\count313
\pgf@shadingcount=\count314
)
(/usr/share/texlive/texmf-dist/tex/generic/pgf/basiclayer/pgfcoreimage.code.tex
File: pgfcoreimage.code.tex 2023-01-15 v3.1.10 (3.1.10)
)
(/usr/share/texlive/texmf-dist/tex/generic/pgf/basiclayer/pgfcoreexternal.code.
tex
File: pgfcoreexternal.code.tex 2023-01-15 v3.1.10 (3.1.10)
\pgfexternal@startupbox=\box69
)
(/usr/share/texlive/texmf-dist/tex/generic/pgf/basiclayer/pgfcorelayers.code.te
x
File: pgfcorelayers.code.tex 2023-01-15 v3.1.10 (3.1.10)
)
(/usr/share/texlive/texmf-dist/tex/generic/pgf/basiclayer/pgfcoretransparency.c
ode.tex
File: pgfcoretransparency.code.tex 2023-01-15 v3.1.10 (3.1.10)
)
(/usr/share/texlive/texmf-dist/tex/generic/pgf/basiclayer/pgfcorepatterns.code.
tex
File: pgfcorepatterns.code.tex 2023-01-15 v3.1.10 (3.1.10)
)
(/usr/share/texlive/texmf-dist/tex/generic/pgf/basiclayer/pgfcorerdf.code.tex
File: pgfcorerdf.code.tex 2023-01-15 v3.1.10 (3.1.10)
)))
(/usr/share/texlive/texmf-dist/tex/generic/pgf/modules/pgfmoduleshapes.code.tex
File: pgfmoduleshapes.code.tex 2023-01-15 v3.1.10 (3.1.10)
\pgfnodeparttextbox=\box70
) (/usr/share/texlive/texmf-dist/tex/generic/pgf/modules/pgfmoduleplot.code.tex
File: pgfmoduleplot.code.tex 2023-01-15 v3.1.10 (3.1.10)
)
(/usr/share/texlive/texmf-dist/tex/latex/pgf/compatibility/pgfcomp-version-0-65
.sty
Package: pgfcomp-version-0-65 2023-01-15 v3.1.10 (3.1.10)
\pgf@nodesepstart=\dimen272
\pgf@nodesepend=\dimen273
)
(/usr/share/texlive/texmf-dist/tex/latex/pgf/compatibility/pgfcomp-version-1-18
.sty
Package: pgfcomp-version-1-18 2023-01-15 v3.1.10 (3.1.10)
)) (/usr/share/texlive/texmf-dist/tex/latex/pgf/utilities/pgffor.sty
(/usr/share/texlive/texmf-dist/tex/latex/pgf/utilities/pgfkeys.sty
(/usr/share/texlive/texmf-dist/tex/generic/pgf/utilities/pgfkeys.code.tex))
(/usr/share/texlive/texmf-dist/tex/latex/pgf/math/pgfmath.sty
(/usr/share/texlive/texmf-dist/tex/generic/pgf/math/pgfmath.code.tex))
(/usr/share/texlive/texmf-dist/tex/generic/pgf/utilities/pgffor.code.tex
Package: pgffor 2023-01-15 v3.1.10 (3.1.10)
\pgffor@iter=\dimen274
\pgffor@skip=\dimen275
\pgffor@stack=\toks42
\pgffor@toks=\toks43
))
(/usr/share/texlive/texmf-dist/tex/generic/pgf/frontendlayer/tikz/tikz.code.tex
Package: tikz 2023-01-15 v3.1.10 (3.1.10)

(/usr/share/texlive/texmf-dist/tex/generic/pgf/libraries/pgflibraryplothandlers
.code.tex
File: pgflibraryplothandlers.code.tex 2023-01-15 v3.1.10 (3.1.10)
\pgf@plot@mark@count=\count315
\pgfplotmarksize=\dimen276
)
\tikz@lastx=\dimen277
\tikz@lasty=\dimen278
\tikz@lastxsaved=\dimen279
\tikz@lastysaved=\dimen280
\tikz@lastmovetox=\dimen281
\tikz@lastmovetoy=\dimen282
\tikzleveldistance=\dimen283
\tikzsiblingdistance=\dimen284
\tikz@figbox=\box71
\tikz@figbox@bg=\box72
\tikz@tempbox=\box73
\tikz@tempbox@bg=\box74
\tikztreelevel=\count316
\tikznumberofchildren=\count317
\tikznumberofcurrentchild=\count318
\tikz@fig@count=\count319

(/usr/share/texlive/texmf-dist/tex/generic/pgf/modules/pgfmodulematrix.code.tex
File: pgfmodulematrix.code.tex 2023-01-15 v3.1.10 (3.1.10)
\pgfmatrixcurrentrow=\count320
\pgfmatrixcurrentcolumn=\count321
\pgf@matrix@numberofcolumns=\count322
)
\tikz@expandcount=\count323

(/usr/share/texlive/texmf-dist/tex/generic/pgf/frontendlayer/tikz/libraries/tik
zlibrarytopaths.code.tex
File: tikzlibrarytopaths.code.tex 2023-01-15 v3.1.10 (3.1.10)
)))
(/usr/share/texlive/texmf-dist/tex/latex/pgfplots/pgfplots.sty
(/usr/share/texlive/texmf-dist/tex/generic/pgfplots/pgfplots.revision.tex)
Package: pgfplots 2021/05/15 v1.18.1 Data Visualization (1.18.1)

(/usr/share/texlive/texmf-dist/tex/generic/pgfplots/pgfplots.code.tex
(/usr/share/texlive/texmf-dist/tex/generic/pgfplots/pgfplotscore.code.tex
\t@pgfplots@toka=\toks44
\t@pgfplots@tokb=\toks45
\t@pgfplots@tokc=\toks46
\pgfplots@tmpa=\dimen285
\c@pgfplots@coordindex=\count324
\c@pgfplots@scanlineindex=\count325

(/usr/share/texlive/texmf-dist/tex/generic/pgfplots/sys/pgfplotssysgeneric.code
.tex))
(/usr/share/texlive/texmf-dist/tex/generic/pgfplots/libs/pgfplotslibrary.code.t
ex)
(/usr/share/texlive/texmf-dist/tex/generic/pgfplots/oldpgfcompatib/pgfplotsoldp
gfsupp_loader.code.tex
(/usr/share/texlive/texmf-dist/tex/generic/pgf/libraries/pgflibraryfpu.code.tex
)
Package pgfplots: loading complementary utilities for your pgf version...
\t@pgf@toka=\toks47
\t@pgf@tokb=\toks48
\t@pgf@tokc=\toks49

(/usr/share/texlive/texmf-dist/tex/generic/pgfplots/oldpgfcompatib/pgfplotsoldp
gfsupp_pgfutil-common-lists.tex))
(/usr/share/texlive/texmf-dist/tex/generic/pgfplots/util/pgfplotsutil.code.tex
(/usr/share/texlive/texmf-dist/tex/generic/pgfplots/liststructure/pgfplotslists
tructure.code.tex)
(/usr/share/texlive/texmf-dist/tex/generic/pgfplots/liststructure/pgfplotslists
tructureext.code.tex)
(/usr/share/texlive/texmf-dist/tex/generic/pgfplots/liststructure/pgfplotsarray
.code.tex
\c@pgfplotsarray@tmp=\count326
)
(/usr/share/texlive/texmf-dist/tex/generic/pgfplots/liststructure/pgfplotsmatri
x.code.tex)
(/usr/share/texlive/texmf-dist/tex/generic/pgfplots/numtable/pgfplotstableshare
d.code.tex
\c@pgfplotstable@counta=\count327
\t@pgfplotstable@a=\toks50
)
(/usr/share/texlive/texmf-dist/tex/generic/pgfplots/liststructure/pgfplotsdeque
.code.tex)
(/usr/share/texlive/texmf-dist/tex/generic/pgfplots/util/pgfplotsbinary.code.te
x
(/usr/share/texlive/texmf-dist/tex/generic/pgfplots/util/pgfplotsbinary.data.co
de.tex))
(/usr/share/texlive/texmf-dist/tex/generic/pgfplots/util/pgfplotsutil.verb.code
.tex)
(/usr/share/texlive/texmf-dist/tex/generic/pgfplots/libs/pgflibrarypgfplots.sur
fshading.code.tex
\c@pgfplotslibrarysurf@no=\count328

(/usr/share/texlive/texmf-dist/tex/generic/pgfplots/sys/pgflibrarypgfplots.surf
shading.pgfsys-pdftex.def)))
(/usr/share/texlive/texmf-dist/tex/generic/pgfplots/util/pgfplotscolormap.code.
tex
(/usr/share/texlive/texmf-dist/tex/generic/pgfplots/util/pgfplotscolor.code.tex
))
(/usr/share/texlive/texmf-dist/tex/generic/pgfplots/pgfplotsstackedplots.code.t
ex)
(/usr/share/texlive/texmf-dist/tex/generic/pgfplots/pgfplotsplothandlers.code.t
ex
(/usr/share/texlive/texmf-dist/tex/generic/pgfplots/pgfplotsmeshplothandler.cod
e.tex
(/usr/share/texlive/texmf-dist/tex/generic/pgfplots/pgfplotsmeshplotimage.code.
tex)))
(/usr/share/texlive/texmf-dist/tex/generic/pgfplots/pgfplots.scaling.code.tex)
(/usr/share/texlive/texmf-dist/tex/generic/pgfplots/pgfplotscoordprocessing.cod
e.tex)
(/usr/share/texlive/texmf-dist/tex/generic/pgfplots/pgfplots.errorbars.code.tex
) (/usr/share/texlive/texmf-dist/tex/generic/pgfplots/pgfplots.markers.code.tex
) (/usr/share/texlive/texmf-dist/tex/generic/pgfplots/pgfplotsticks.code.tex)
(/usr/share/texlive/texmf-dist/tex/generic/pgfplots/pgfplots.paths.code.tex)
(/usr/share/texlive/texmf-dist/tex/generic/pgf/frontendlayer/tikz/libraries/tik
zlibrarydecorations.code.tex
(/usr/share/texlive/texmf-dist/tex/generic/pgf/modules/pgfmoduledecorations.cod
e.tex
\pgfdecoratedcompleteddistance=\dimen286
\pgfdecoratedremainingdistance=\dimen287
\pgfdecoratedinputsegmentcompleteddistance=\dimen288
\pgfdecoratedinputsegmentremainingdistance=\dimen289
\pgf@decorate@distancetomove=\dimen290
\pgf@decorate@repeatstate=\count329
\pgfdecorationsegmentamplitude=\dimen291
\pgfdecorationsegmentlength=\dimen292
)
\tikz@lib@dec@box=\box75
)
(/usr/share/texlive/texmf-dist/tex/generic/pgf/frontendlayer/tikz/libraries/tik
zlibrarydecorations.pathmorphing.code.tex
(/usr/share/texlive/texmf-dist/tex/generic/pgf/libraries/decorations/pgflibrary
decorations.pathmorphing.code.tex))
(/usr/share/texlive/texmf-dist/tex/generic/pgf/frontendlayer/tikz/libraries/tik
zlibrarydecorations.pathreplacing.code.tex
(/usr/share/texlive/texmf-dist/tex/generic/pgf/libraries/decorations/pgflibrary
decorations.pathreplacing.code.tex))
(/usr/share/texlive/texmf-dist/tex/generic/pgfplots/libs/tikzlibrarypgfplots.co
ntourlua.code.tex)
\pgfplots@numplots=\count330
\pgfplots@xmin@reg=\dimen293
\pgfplots@xmax@reg=\dimen294
\pgfplots@ymin@reg=\dimen295
\pgfplots@ymax@reg=\dimen296
\pgfplots@zmin@reg=\dimen297
\pgfplots@zmax@reg=\dimen298
)
(/usr/share/texlive/texmf-dist/tex/generic/pgf/frontendlayer/tikz/libraries/tik
zlibraryplotmarks.code.tex
File: tikzlibraryplotmarks.code.tex 2023-01-15 v3.1.10 (3.1.10)

(/usr/share/texlive/texmf-dist/tex/generic/pgf/libraries/pgflibraryplotmarks.co
de.tex
File: pgflibraryplotmarks.code.tex 2023-01-15 v3.1.10 (3.1.10)
))) (/usr/share/texlive/texmf-dist/tex/latex/url/url.sty
\Urlmuskip=\muskip17
Package: url 2013/09/16  ver 3.4  Verb mode for urls, etc.
)
(/usr/share/texlive/texmf-dist/tex/latex/hyperref/hyperref.sty
Package: hyperref 2024-01-20 v7.01h Hypertext links for LaTeX

(/usr/share/texlive/texmf-dist/tex/latex/kvsetkeys/kvsetkeys.sty
Package: kvsetkeys 2022-10-05 v1.19 Key value parser (HO)
)
(/usr/share/texlive/texmf-dist/tex/generic/kvdefinekeys/kvdefinekeys.sty
Package: kvdefinekeys 2019-12-19 v1.6 Define keys (HO)
)
(/usr/share/texlive/texmf-dist/tex/generic/pdfescape/pdfescape.sty
Package: pdfescape 2019/12/09 v1.15 Implements pdfTeX's escape features (HO)

(/usr/share/texlive/texmf-dist/tex/generic/ltxcmds/ltxcmds.sty
Package: ltxcmds 2023-12-04 v1.26 LaTeX kernel commands for general use (HO)
)
(/usr/share/texlive/texmf-dist/tex/generic/pdftexcmds/pdftexcmds.sty
Package: pdftexcmds 2020-06-27 v0.33 Utility functions of pdfTeX for LuaTeX (HO
)

(/usr/share/texlive/texmf-dist/tex/generic/infwarerr/infwarerr.sty
Package: infwarerr 2019/12/03 v1.5 Providing info/warning/error messages (HO)
)
Package pdftexcmds Info: \pdf@primitive is available.
Package pdftexcmds Info: \pdf@ifprimitive is available.
Package pdftexcmds Info: \pdfdraftmode found.
))
(/usr/share/texlive/texmf-dist/tex/latex/hycolor/hycolor.sty
Package: hycolor 2020-01-27 v1.10 Color options for hyperref/bookmark (HO)
)
(/usr/share/texlive/texmf-dist/tex/latex/auxhook/auxhook.sty
Package: auxhook 2019-12-17 v1.6 Hooks for auxiliary files (HO)
)
(/usr/share/texlive/texmf-dist/tex/latex/hyperref/nameref.sty
Package: nameref 2023-11-26 v2.56 Cross-referencing by name of section

(/usr/share/texlive/texmf-dist/tex/latex/refcount/refcount.sty
Package: refcount 2019/12/15 v3.6 Data extraction from label references (HO)
)
(/usr/share/texlive/texmf-dist/tex/generic/gettitlestring/gettitlestring.sty
Package: gettitlestring 2019/12/15 v1.6 Cleanup title references (HO)

(/usr/share/texlive/texmf-dist/tex/latex/kvoptions/kvoptions.sty
Package: kvoptions 2022-06-15 v3.15 Key value format for package options (HO)
))
\c@section@level=\count331
)
(/usr/share/texlive/texmf-dist/tex/latex/etoolbox/etoolbox.sty
Package: etoolbox 2020/10/05 v2.5k e-TeX tools for LaTeX (JAW)
\etb@tempcnta=\count332
)
\@linkdim=\dimen299
\Hy@linkcounter=\count333
\Hy@pagecounter=\count334

(/usr/share/texlive/texmf-dist/tex/latex/hyperref/pd1enc.def
File: pd1enc.def 2024-01-20 v7.01h Hyperref: PDFDocEncoding definition (HO)
Now handling font encoding PD1 ...
... no UTF-8 mapping file for font encoding PD1
)
(/usr/share/texlive/texmf-dist/tex/generic/intcalc/intcalc.sty
Package: intcalc 2019/12/15 v1.3 Expandable calculations with integers (HO)
)
\Hy@SavedSpaceFactor=\count335

(/usr/share/texlive/texmf-dist/tex/latex/hyperref/puenc.def
File: puenc.def 2024-01-20 v7.01h Hyperref: PDF Unicode definition (HO)
Now handling font encoding PU ...
... no UTF-8 mapping file for font encoding PU
)
Package hyperref Info: Hyper figures OFF on input line 4179.
Package hyperref Info: Link nesting OFF on input line 4184.
Package hyperref Info: Hyper index ON on input line 4187.
Package hyperref Info: Plain pages OFF on input line 4194.
Package hyperref Info: Backreferencing OFF on input line 4199.
Package hyperref Info: Implicit mode ON; LaTeX internals redefined.
Package hyperref Info: Bookmarks ON on input line 4446.
\c@Hy@tempcnt=\count336
LaTeX Info: Redefining \url on input line 4784.
\XeTeXLinkMargin=\dimen300

(/usr/share/texlive/texmf-dist/tex/generic/bitset/bitset.sty
Package: bitset 2019/12/09 v1.3 Handle bit-vector datatype (HO)

(/usr/share/texlive/texmf-dist/tex/generic/bigintcalc/bigintcalc.sty
Package: bigintcalc 2019/12/15 v1.5 Expandable calculations on big integers (HO
)
))
\Fld@menulength=\count337
\Field@Width=\dimen301
\Fld@charsize=\dimen302
Package hyperref Info: Hyper figures OFF on input line 6063.
Package hyperref Info: Link nesting OFF on input line 6068.
Package hyperref Info: Hyper index ON on input line 6071.
Package hyperref Info: backreferencing OFF on input line 6078.
Package hyperref Info: Link coloring OFF on input line 6083.
Package hyperref Info: Link coloring with OCG OFF on input line 6088.
Package hyperref Info: PDF/A mode OFF on input line 6093.

(/usr/share/texlive/texmf-dist/tex/latex/base/atbegshi-ltx.sty
Package: atbegshi-ltx 2021/01/10 v1.0c Emulation of the original atbegshi
package with kernel methods
)
\Hy@abspage=\count338
\c@Item=\count339
\c@Hfootnote=\count340
)
Package hyperref Info: Driver (autodetected): hpdftex.

(/usr/share/texlive/texmf-dist/tex/latex/hyperref/hpdftex.def
File: hpdftex.def 2024-01-20 v7.01h Hyperref driver for pdfTeX

(/usr/share/texlive/texmf-dist/tex/latex/base/atveryend-ltx.sty
Package: atveryend-ltx 2020/08/19 v1.0a Emulation of the original atveryend pac
kage
with kernel methods
)
\Fld@listcount=\count341
\c@bookmark@seq@number=\count342

(/usr/share/texlive/texmf-dist/tex/latex/rerunfilecheck/rerunfilecheck.sty
Package: rerunfilecheck 2022-07-10 v1.10 Rerun checks for auxiliary files (HO)

(/usr/share/texlive/texmf-dist/tex/generic/uniquecounter/uniquecounter.sty
Package: uniquecounter 2019/12/15 v1.4 Provide unlimited unique counter (HO)
)
Package uniquecounter Info: New unique counter `rerunfilecheck' on input line 2
85.
)
\Hy@SectionHShift=\skip62
)
Package hyperref Info: Option `colorlinks' set `true' on input line 31.

(/usr/share/texlive/texmf-dist/tex/latex/titlesec/titlesec.sty
Package: titlesec 2023/10/27 v2.16 Sectioning titles
\ttl@box=\box76
\beforetitleunit=\skip63
\aftertitleunit=\skip64
\ttl@plus=\dimen303
\ttl@minus=\dimen304
\ttl@toksa=\toks51
\titlewidth=\dimen305
\titlewidthlast=\dimen306
\titlewidthfirst=\dimen307
)
(/usr/share/texlive/texmf-dist/tex/latex/listings/lstlang1.sty
File: lstlang1.sty 2023/02/27 1.9 listings language file
)
(/usr/share/texlive/texmf-dist/tex/latex/listings/lstmisc.sty
File: lstmisc.sty 2023/02/27 1.9 (Carsten Heinz)
)
(/usr/share/texlive/texmf-dist/tex/latex/l3backend/l3backend-pdftex.def
File: l3backend-pdftex.def 2024-01-04 L3 backend support: PDF output (pdfTeX)
\l__color_backend_stack_int=\count343
\l__pdf_internal_box=\box77
)
(./main.aux)
\openout1 = `main.aux'.

LaTeX Font Info:    Checking defaults for OML/cmm/m/it on input line 67.
LaTeX Font Info:    ... okay on input line 67.
LaTeX Font Info:    Checking defaults for OMS/cmsy/m/n on input line 67.
LaTeX Font Info:    ... okay on input line 67.
LaTeX Font Info:    Checking defaults for OT1/cmr/m/n on input line 67.
LaTeX Font Info:    ... okay on input line 67.
LaTeX Font Info:    Checking defaults for T1/cmr/m/n on input line 67.
LaTeX Font Info:    ... okay on input line 67.
LaTeX Font Info:    Checking defaults for TS1/cmr/m/n on input line 67.
LaTeX Font Info:    ... okay on input line 67.
LaTeX Font Info:    Checking defaults for OMX/cmex/m/n on input line 67.
LaTeX Font Info:    ... okay on input line 67.
LaTeX Font Info:    Checking defaults for U/cmr/m/n on input line 67.
LaTeX Font Info:    ... okay on input line 67.
LaTeX Font Info:    Checking defaults for PD1/pdf/m/n on input line 67.
LaTeX Font Info:    ... okay on input line 67.
LaTeX Font Info:    Checking defaults for PU/pdf/m/n on input line 67.
LaTeX Font Info:    ... okay on input line 67.
 (/usr/share/texlive/texmf-dist/tex/context/base/mkii/supp-pdf.mkii
[Loading MPS to PDF converter (version 2006.09.02).]
\scratchcounter=\count344
\scratchdimen=\dimen308
\scratchbox=\box78
\nofMPsegments=\count345
\nofMParguments=\count346
\everyMPshowfont=\toks52
\MPscratchCnt=\count347
\MPscratchDim=\dimen309
\MPnumerator=\count348
\makeMPintoPDFobject=\count349
\everyMPtoPDFconversion=\toks53
) (/usr/share/texlive/texmf-dist/tex/latex/epstopdf-pkg/epstopdf-base.sty
Package: epstopdf-base 2020-01-24 v2.11 Base part for package epstopdf
Package epstopdf-base Info: Redefining graphics rule for `.eps' on input line 4
85.

(/usr/share/texlive/texmf-dist/tex/latex/latexconfig/epstopdf-sys.cfg
File: epstopdf-sys.cfg 2010/07/13 v1.3 Configuration of (r)epstopdf for TeX Liv
e
))
*geometry* driver: auto-detecting
*geometry* detected driver: pdftex
*geometry* verbose mode - [ preamble ] result:
* driver: pdftex
* paper: a4paper
* layout: <same size as paper>
* layoutoffset:(h,v)=(0.0pt,0.0pt)
* modes: 
* h-part:(L,W,R)=(71.13188pt, 455.24411pt, 71.13188pt)
* v-part:(T,H,B)=(71.13188pt, 688.5567pt, 85.35826pt)
* \paperwidth=597.50787pt
* \paperheight=845.04684pt
* \textwidth=455.24411pt
* \textheight=688.5567pt
* \oddsidemargin=-1.1381pt
* \evensidemargin=-1.1381pt
* \topmargin=-38.1381pt
* \headheight=12.0pt
* \headsep=25.0pt
* \topskip=12.0pt
* \footskip=30.0pt
* \marginparwidth=35.0pt
* \marginparsep=10.0pt
* \columnsep=10.0pt
* \skip\footins=10.8pt plus 4.0pt minus 2.0pt
* \hoffset=0.0pt
* \voffset=0.0pt
* \mag=1000
* \@twocolumnfalse
* \@twosidefalse
* \@mparswitchfalse
* \@reversemarginfalse
* (1in=72.27pt=25.4mm, 1cm=28.453pt)

Package caption Info: Begin \AtBeginDocument code.
Package caption Info: hyperref package is loaded.
Package caption Info: listings package is loaded.
Package caption Info: longtable package is loaded.
(/usr/share/texlive/texmf-dist/tex/latex/caption/ltcaption.sty
Package: ltcaption 2021/01/08 v1.4c longtable captions (AR)
)
Package caption Info: End \AtBeginDocument code.
\c@lstlisting=\count350

Package pgfplots notification 'compat/show suggested version=true': document ha
s been generated with the most recent feature set (\pgfplotsset{compat=1.18}).

Package hyperref Info: Link coloring ON on input line 67.
(./main.out) (./main.out)
\@outlinefile=\write4
\openout4 = `main.out'.

 (./titlepage.tex
LaTeX Font Info:    Trying to load font information for U+msa on input line 20.


(/usr/share/texlive/texmf-dist/tex/latex/amsfonts/umsa.fd
File: umsa.fd 2013/01/14 v3.01 AMS symbols A
)
LaTeX Font Info:    Trying to load font information for U+msb on input line 20.


(/usr/share/texlive/texmf-dist/tex/latex/amsfonts/umsb.fd
File: umsb.fd 2013/01/14 v3.01 AMS symbols B
)
<tietlogo.jpg, id=151, 459.7175pt x 260.975pt>
File: tietlogo.jpg Graphic file (type jpg)
<use tietlogo.jpg>
Package pdftex.def Info: tietlogo.jpg  used on input line 30.
(pdftex.def)             Requested size: 199.1688pt x 113.80992pt.
 [1

{/var/lib/texmf/fonts/map/pdftex/updmap/pdftex.map} <./tietlogo.jpg>]) (./main.
toc [1])
\tf@toc=\write5
\openout5 = `main.toc'.


pdfTeX warning (ext4): destination with the same identifier (name{page.}) has b
een already used, duplicate ignored
<to be read again> 
                   \relax 
l.72     \newpage
                  [2] (./main.lof)
\tf@lof=\write6
\openout6 = `main.lof'.

 (./main.lot)
\tf@lot=\write7
\openout7 = `main.lot'.


pdfTeX warning (ext4): destination with the same identifier (name{page.}) has b
een already used, duplicate ignored
<to be read again> 
                   \relax 
l.76     \newpage
                  [3]
pdfTeX warning (ext4): destination with the same identifier (name{page.1}) has 
been already used, duplicate ignored
<to be read again> 
                   \relax 
l.123     \newpage
                   [1]
Overfull \hbox (0.92752pt too wide) in paragraph at lines 135--135
[]|\T1/cmr/bx/n/12 Reference| 
 []


Underfull \hbox (badness 10000) in paragraph at lines 135--135
[]|\T1/cmr/bx/n/12 Concepts
 []


Underfull \hbox (badness 10000) in paragraph at lines 136--136
[]|\T1/cmr/bx/n/12 Technique(s)
 []


Overfull \hbox (0.92752pt too wide) in paragraph at lines 141--141
[]|\T1/cmr/bx/n/12 Reference| 
 []


Underfull \hbox (badness 10000) in paragraph at lines 141--141
[]|\T1/cmr/bx/n/12 Concepts
 []


Underfull \hbox (badness 10000) in paragraph at lines 142--142
[]|\T1/cmr/bx/n/12 Technique(s)
 []


Underfull \hbox (badness 10000) in paragraph at lines 148--148
[]|\T1/cmr/m/n/12 GPU-
 []


Underfull \hbox (badness 10000) in paragraph at lines 148--148
\T1/cmr/m/n/12 accelerated
 []


Underfull \hbox (badness 10000) in paragraph at lines 148--148
\T1/cmr/m/n/12 ex-act and
 []


Underfull \hbox (badness 10000) in paragraph at lines 148--148
\T1/cmr/m/n/12 ap-prox-i-mate
 []


Underfull \hbox (badness 10000) in paragraph at lines 148--148
\T1/cmr/m/n/12 sim-i-lar-ity
 []


Underfull \hbox (badness 10000) in paragraph at lines 148--148
\T1/cmr/m/n/12 search at
 []


Underfull \hbox (badness 10000) in paragraph at lines 149--150
[]|\T1/cmr/m/n/12 Efficient $\OML/cmm/m/it/12 k$\T1/cmr/m/n/12 -
 []


Underfull \hbox (badness 10000) in paragraph at lines 149--150
\T1/cmr/m/n/12 selection via
 []


Underfull \hbox (badness 10000) in paragraph at lines 149--150
\T1/cmr/m/n/12 WarpS-e-lect,
 []


Underfull \hbox (badness 3780) in paragraph at lines 149--150
\T1/cmr/m/n/12 prod-uct quan-
 []


Underfull \hbox (badness 3364) in paragraph at lines 149--150
\T1/cmr/m/n/12 ti-sa-tion, GPU
 []


Underfull \hbox (badness 10000) in paragraph at lines 151--152
[]|\T1/cmr/m/n/12 Nearest-
 []


Underfull \hbox (badness 10000) in paragraph at lines 151--152
\T1/cmr/m/n/12 neighbour
 []


Underfull \hbox (badness 10000) in paragraph at lines 151--152
\T1/cmr/m/n/12 im-ple-men-ta-tion
 []


Underfull \hbox (badness 10000) in paragraph at lines 151--152
\T1/cmr/m/n/12 8.5$\OMS/cmsy/m/n/12 ^^B$ \T1/cmr/m/n/12 faster
 []


Underfull \hbox (badness 10000) in paragraph at lines 151--152
\T1/cmr/m/n/12 state-of-the-art;
 []


Underfull \hbox (badness 10000) in paragraph at lines 153--154
[]|\T1/cmr/m/n/12 Requires GPU
 []


Underfull \hbox (badness 10000) in paragraph at lines 153--154
\T1/cmr/m/n/12 hard-ware;
 []


Underfull \hbox (badness 10000) in paragraph at lines 153--154
\T1/cmr/m/n/12 accuracy--speed
 []


Underfull \hbox (badness 10000) in paragraph at lines 153--154
\T1/cmr/m/n/12 trade-off for
 []


Underfull \hbox (badness 10000) in paragraph at lines 153--154
\T1/cmr/m/n/12 com-pressed
 []


Underfull \hbox (badness 10000) in paragraph at lines 157--158
[]|\T1/cmr/m/n/12 Unified
 []


Underfull \hbox (badness 10000) in paragraph at lines 157--158
\T1/cmr/m/n/12 li-brary
 []


Underfull \hbox (badness 10000) in paragraph at lines 157--158
\T1/cmr/m/n/12 cov-er-ing
 []


Underfull \hbox (badness 10000) in paragraph at lines 157--158
\T1/cmr/m/n/12 brute-force,
 []


Underfull \hbox (badness 10000) in paragraph at lines 157--158
\T1/cmr/m/n/12 ap-prox-i-
 []


Underfull \hbox (badness 10000) in paragraph at lines 157--158
\T1/cmr/m/n/12 mate, and
 []


Underfull \hbox (badness 10000) in paragraph at lines 157--158
\T1/cmr/m/n/12 com-pressed
 []


Underfull \hbox (badness 10000) in paragraph at lines 157--158
\T1/cmr/m/n/12 sim-i-lar-ity
 []


Underfull \hbox (badness 10000) in paragraph at lines 159--159
[]|\T1/cmr/m/n/12 IVF, HNSW,
 []


Underfull \hbox (badness 10000) in paragraph at lines 159--159
\T1/cmr/m/n/12 PQ in-dices;
 []


Underfull \hbox (badness 10000) in paragraph at lines 160--161
[]|\T1/cmr/m/n/12 Industry-
 []


Underfull \hbox (badness 10000) in paragraph at lines 160--161
\T1/cmr/m/n/12 standard
 []


Underfull \hbox (badness 10000) in paragraph at lines 160--161
\T1/cmr/m/n/12 toolkit used
 []


Underfull \hbox (badness 10000) in paragraph at lines 160--161
\T1/cmr/m/n/12 in pro-duc-tion
 []


Underfull \hbox (badness 10000) in paragraph at lines 160--161
\T1/cmr/m/n/12 re-trieval sys-
 []


Underfull \hbox (badness 3690) in paragraph at lines 160--161
\T1/cmr/m/n/12 tems; sup-ports
 []


Underfull \hbox (badness 10000) in paragraph at lines 160--161
\T1/cmr/m/n/12 het-ero-ge-neous
 []


Underfull \hbox (badness 10000) in paragraph at lines 162--163
[]|\T1/cmr/m/n/12 High en-gi-neer-
 []


Underfull \hbox (badness 4036) in paragraph at lines 162--163
\T1/cmr/m/n/12 ing com-plex-ity;
 []


Underfull \hbox (badness 10000) in paragraph at lines 162--163
\T1/cmr/m/n/12 com-pressed
 []


Underfull \hbox (badness 10000) in paragraph at lines 162--163
\T1/cmr/m/n/12 in-dices re-duce
 []


Underfull \hbox (badness 10000) in paragraph at lines 166--166
[]|\T1/cmr/m/n/12 Approximate
 []


Underfull \hbox (badness 10000) in paragraph at lines 166--166
\T1/cmr/m/n/12 near-est
 []


Underfull \hbox (badness 10000) in paragraph at lines 166--166
\T1/cmr/m/n/12 neigh-bour
 []


Underfull \hbox (badness 10000) in paragraph at lines 166--166
\T1/cmr/m/n/12 search us-ing
 []


Underfull \hbox (badness 10000) in paragraph at lines 166--166
\T1/cmr/m/n/12 nav-i-ga-ble
 []


Underfull \hbox (badness 10000) in paragraph at lines 166--166
\T1/cmr/m/n/12 small-world
 []


Underfull \hbox (badness 10000) in paragraph at lines 167--167
[]|\T1/cmr/m/n/12 Hierarchical
 []


Underfull \hbox (badness 10000) in paragraph at lines 167--167
\T1/cmr/m/n/12 prox-im-ity
 []


Underfull \hbox (badness 10000) in paragraph at lines 167--167
\T1/cmr/m/n/12 graphs with
 []


Underfull \hbox (badness 10000) in paragraph at lines 167--167
\T1/cmr/m/n/12 greedy layer-
 []


Underfull \hbox (badness 1496) in paragraph at lines 168--169
\T1/cmr/m/n/12 time with high
 []


Underfull \hbox (badness 10000) in paragraph at lines 168--169
\T1/cmr/m/n/12 re-call; ro-bust
 []


Underfull \hbox (badness 10000) in paragraph at lines 168--169
\T1/cmr/m/n/12 to di-men-sion-
 []


Underfull \hbox (badness 10000) in paragraph at lines 168--169
\T1/cmr/m/n/12 al-ity; widely
 []


Underfull \hbox (badness 10000) in paragraph at lines 168--169
\T1/cmr/m/n/12 de-ployed in
 []


Underfull \hbox (badness 2435) in paragraph at lines 170--171
[]|\T1/cmr/m/n/12 Index con-struc-
 []


Underfull \hbox (badness 10000) in paragraph at lines 170--171
\T1/cmr/m/n/12 intensive; no
 []


Underfull \hbox (badness 10000) in paragraph at lines 170--171
\T1/cmr/m/n/12 hard re-call
 []


Underfull \hbox (badness 10000) in paragraph at lines 174--175
[]|\T1/cmr/m/n/12 Rigorous
 []


Underfull \hbox (badness 10000) in paragraph at lines 174--175
\T1/cmr/m/n/12 bench-mark-
 []


Underfull \hbox (badness 10000) in paragraph at lines 174--175
\T1/cmr/m/n/12 neigh-bour
 []


Underfull \hbox (badness 10000) in paragraph at lines 174--175
\T1/cmr/m/n/12 al-go-rithms
 []


Underfull \hbox (badness 10000) in paragraph at lines 176--177
[]|\T1/cmr/m/n/12 Standardised
 []


Underfull \hbox (badness 10000) in paragraph at lines 176--177
\T1/cmr/m/n/12 recall-vs-time
 []


Underfull \hbox (badness 10000) in paragraph at lines 176--177
\T1/cmr/m/n/12 eval-u-a-tion for
 []


Underfull \hbox (badness 10000) in paragraph at lines 176--177
\T1/cmr/m/n/12 LSH, graph,
 []


Underfull \hbox (badness 10000) in paragraph at lines 176--177
\T1/cmr/m/n/12 tree, and
 []


Underfull \hbox (badness 10000) in paragraph at lines 176--177
\T1/cmr/m/n/12 quan-ti-sa-tion
 []


Underfull \hbox (badness 4217) in paragraph at lines 178--179
[]|\T1/cmr/m/n/12 Provides re-pro-
 []


Underfull \hbox (badness 1107) in paragraph at lines 178--179
\T1/cmr/m/n/12 ducible base-line
 []


Underfull \hbox (badness 10000) in paragraph at lines 180--182
[]|\T1/cmr/m/n/12 Benchmarks
 []


Underfull \hbox (badness 10000) in paragraph at lines 180--182
\T1/cmr/m/n/12 machine set-
 []


Underfull \hbox (badness 10000) in paragraph at lines 180--182
\T1/cmr/m/n/12 tings; dis-
 []


Underfull \hbox (badness 10000) in paragraph at lines 180--182
\T1/cmr/m/n/12 tributed per-
 []


Underfull \hbox (badness 10000) in paragraph at lines 180--182
\T1/cmr/m/n/12 for-mance not
 []


Underfull \hbox (badness 10000) in paragraph at lines 185--186
[]|\T1/cmr/m/n/12 Hybrid
 []


Overfull \hbox (7.49193pt too wide) in paragraph at lines 185--186
\T1/cmr/m/n/12 MPI+OpenMP
 []


Underfull \hbox (badness 10000) in paragraph at lines 185--186
\T1/cmr/m/n/12 al-lelism for
 []


Underfull \hbox (badness 10000) in paragraph at lines 185--186
\T1/cmr/m/n/12 sci-en-tific
 []


Underfull \hbox (badness 10000) in paragraph at lines 185--186
\T1/cmr/m/n/12 com-put-ing
 []


Underfull \hbox (badness 10000) in paragraph at lines 187--188
\T1/cmr/m/n/12 node data
 []


Underfull \hbox (badness 10000) in paragraph at lines 187--188
\T1/cmr/m/n/12 par-ti-tion-ing;
 []


Underfull \hbox (badness 10000) in paragraph at lines 187--188
\T1/cmr/m/n/12 OpenMP for
 []


Underfull \hbox (badness 10000) in paragraph at lines 189--190
[]|\T1/cmr/m/n/12 Demonstrates
 []


Underfull \hbox (badness 10000) in paragraph at lines 189--190
\T1/cmr/m/n/12 that hy-brid
 []


Underfull \hbox (badness 7558) in paragraph at lines 189--190
\T1/cmr/m/n/12 mod-els out-per-
 []


Underfull \hbox (badness 6477) in paragraph at lines 189--190
\T1/cmr/m/n/12 form pure-MPI
 []


Underfull \hbox (badness 10000) in paragraph at lines 189--190
\T1/cmr/m/n/12 on shared-
 []


Underfull \hbox (badness 10000) in paragraph at lines 189--190
\T1/cmr/m/n/12 memory multi-
 []


Underfull \hbox (badness 5771) in paragraph at lines 189--190
\T1/cmr/m/n/12 core nodes by
 []


Underfull \hbox (badness 10000) in paragraph at lines 189--190
\T1/cmr/m/n/12 re-duc-ing mem-
 []


Underfull \hbox (badness 10000) in paragraph at lines 189--190
\T1/cmr/m/n/12 ory repli-ca-tion
 []


Underfull \hbox (badness 10000) in paragraph at lines 191--192
[]|\T1/cmr/m/n/12 Domain-specific;
 []


Underfull \hbox (badness 10000) in paragraph at lines 191--192
\T1/cmr/m/n/12 ir-reg-u-lar work-
 []


Underfull \hbox (badness 10000) in paragraph at lines 191--192
\T1/cmr/m/n/12 loads re-quires
 []


Underfull \hbox (badness 10000) in paragraph at lines 195--196
[]|\T1/cmr/m/n/12 Comparative
 []


Underfull \hbox (badness 10000) in paragraph at lines 195--196
\T1/cmr/m/n/12 study of
 []


Underfull \hbox (badness 10000) in paragraph at lines 195--196
\T1/cmr/m/n/12 hy-brid
 []


Overfull \hbox (7.49193pt too wide) in paragraph at lines 195--196
\T1/cmr/m/n/12 OpenMP+MPI
 []


Underfull \hbox (badness 10000) in paragraph at lines 195--196
\T1/cmr/m/n/12 ver-sus pure
 []


Underfull \hbox (badness 10000) in paragraph at lines 195--196
\T1/cmr/m/n/12 OpenMP or
 []


Underfull \hbox (badness 10000) in paragraph at lines 195--196
\T1/cmr/m/n/12 pure MPI
 []


Underfull \hbox (badness 10000) in paragraph at lines 195--196
\T1/cmr/m/n/12 im-ple-men-ta-
 []


Underfull \hbox (badness 10000) in paragraph at lines 197--197
[]|\T1/cmr/m/n/12 Applied Sci-
 []


Underfull \hbox (badness 10000) in paragraph at lines 197--197
\T1/cmr/m/n/12 ences bench-
 []


Underfull \hbox (badness 10000) in paragraph at lines 197--197
\T1/cmr/m/n/12 mark across
 []


Underfull \hbox (badness 10000) in paragraph at lines 197--197
\T1/cmr/m/n/12 CPU core
 []


Underfull \hbox (badness 10000) in paragraph at lines 198--199
[]|\T1/cmr/m/n/12 Confirms that
 []


Underfull \hbox (badness 10000) in paragraph at lines 198--199
\T1/cmr/m/n/12 ming yields
 []


Underfull \hbox (badness 10000) in paragraph at lines 198--199
\T1/cmr/m/n/12 mea-sur-able
 []


Underfull \hbox (badness 10000) in paragraph at lines 198--199
\T1/cmr/m/n/12 speedups for
 []


Underfull \hbox (badness 10000) in paragraph at lines 198--199
\T1/cmr/m/n/12 data-parallel
 []


Underfull \hbox (badness 10000) in paragraph at lines 198--199
\T1/cmr/m/n/12 ar-ray op-er-a-
 []


Underfull \hbox (badness 10000) in paragraph at lines 198--199
\T1/cmr/m/n/12 re-duc-tion in
 []


Underfull \hbox (badness 10000) in paragraph at lines 198--199
\T1/cmr/m/n/12 run-time ver-sus
 []


Underfull \hbox (badness 10000) in paragraph at lines 200--201
[]|\T1/cmr/m/n/12 Results are
 []


Underfull \hbox (badness 4229) in paragraph at lines 200--201
\T1/cmr/m/n/12 pen-dent; small
 []


Underfull \hbox (badness 10000) in paragraph at lines 200--201
\T1/cmr/m/n/12 datasets may
 []


Underfull \hbox (badness 10000) in paragraph at lines 200--201
\T1/cmr/m/n/12 favour sim-pler
 []

LaTeX Font Info:    Trying to load font information for T1+cmtt on input line 2
05.
(/usr/share/texlive/texmf-dist/tex/latex/base/t1cmtt.fd
File: t1cmtt.fd 2023/04/13 v2.5m Standard LaTeX font definitions
)
Underfull \hbox (badness 10000) in paragraph at lines 204--205
[]|\T1/cmr/m/n/12 Algorithmic
 []


Underfull \hbox (badness 10000) in paragraph at lines 204--205
\T1/cmr/m/n/12 op-ti-mi-sa-
 []


Underfull \hbox (badness 1983) in paragraph at lines 204--205
\T1/cmr/m/n/12 tion of MPI
 []


Underfull \hbox (badness 10000) in paragraph at lines 204--205
\T1/cmr/m/n/12 col-lec-tive
 []


Underfull \hbox (badness 10000) in paragraph at lines 204--205
\T1/cmr/m/n/12 op-er-a-tions
 []


Underfull \hbox (badness 10000) in paragraph at lines 204--205
\T1/cmr/m/n/12 in-clud-ing
 []


Underfull \hbox (badness 10000) in paragraph at lines 204--205
\T1/cmtt/m/n/12 MPI_Gather
 []


Underfull \hbox (badness 10000) in paragraph at lines 204--205
\T1/cmr/m/n/12 and
 []


Overfull \hbox (2.95003pt too wide) in paragraph at lines 204--205
\T1/cmtt/m/n/12 MPI_Scatterv| 
 []


Underfull \hbox (badness 1540) in paragraph at lines 206--206
\T1/cmr/m/n/12 re-cur-sive halv-
 []


Underfull \hbox (badness 10000) in paragraph at lines 206--206
\T1/cmr/m/n/12 ing/-dou-bling,
 []


Underfull \hbox (badness 2310) in paragraph at lines 207--208
[]|\T1/cmr/m/n/12 Reduced col-lec-
 []


Underfull \hbox (badness 10000) in paragraph at lines 207--208
\T1/cmr/m/n/12 point-to-point
 []


Underfull \hbox (badness 10000) in paragraph at lines 207--208
\T1/cmr/m/n/12 now stan-dard
 []


Underfull \hbox (badness 2418) in paragraph at lines 207--208
\T1/cmr/m/n/12 across all MPI
 []


Underfull \hbox (badness 10000) in paragraph at lines 209--210
[]|\T1/cmr/m/n/12 Platform-
 []


Underfull \hbox (badness 10000) in paragraph at lines 209--210
\T1/cmr/m/n/12 specific tun-ing
 []


Underfull \hbox (badness 10000) in paragraph at lines 209--210
\T1/cmr/m/n/12 re-quired for
 []


Underfull \hbox (badness 10000) in paragraph at lines 209--210
\T1/cmr/m/n/12 non-standard
 []


Underfull \hbox (badness 3590) in paragraph at lines 213--213
[]|\T1/cmr/m/n/12 Vector space
 []


Underfull \hbox (badness 10000) in paragraph at lines 213--213
\T1/cmr/m/n/12 mod-els and
 []


Underfull \hbox (badness 10000) in paragraph at lines 213--213
\T1/cmr/m/n/12 co-sine sim-
 []


Underfull \hbox (badness 10000) in paragraph at lines 213--213
\T1/cmr/m/n/12 i-lar-ity for
 []


Underfull \hbox (badness 10000) in paragraph at lines 213--213
\T1/cmr/m/n/12 doc-u-ment
 []


Underfull \hbox (badness 10000) in paragraph at lines 214--214
[]|\T1/cmr/m/n/12 TF-IDF
 []


Underfull \hbox (badness 10000) in paragraph at lines 214--214
\T1/cmr/m/n/12 weight-ing,
 []


Underfull \hbox (badness 10000) in paragraph at lines 214--214
\T1/cmr/m/n/12 co-sine and
 []


Underfull \hbox (badness 4569) in paragraph at lines 214--214
\T1/cmr/m/n/12 Eu-clidean dis-
 []


Underfull \hbox (badness 10000) in paragraph at lines 215--216
[]|\T1/cmr/m/n/12 Foundational
 []


Underfull \hbox (badness 10000) in paragraph at lines 215--216
\T1/cmr/m/n/12 tion re-trieval;
 []


Underfull \hbox (badness 10000) in paragraph at lines 215--216
\T1/cmr/m/n/12 de-fines the
 []


Underfull \hbox (badness 10000) in paragraph at lines 215--216
\T1/cmr/m/n/12 feature-vector
 []


Underfull \hbox (badness 10000) in paragraph at lines 215--216
\T1/cmr/m/n/12 rep-re-sen-ta-tion
 []


Underfull \hbox (badness 10000) in paragraph at lines 215--216
\T1/cmr/m/n/12 used in this
 []


Underfull \hbox (badness 10000) in paragraph at lines 217--218
[]|\T1/cmr/m/n/12 Term in-de-pen-
 []


Underfull \hbox (badness 10000) in paragraph at lines 217--218
\T1/cmr/m/n/12 dence as-sump-
 []


Underfull \hbox (badness 10000) in paragraph at lines 217--218
\T1/cmr/m/n/12 tion; lim-ited
 []

[2] [3] [4] [5] [6] [7]
LaTeX Font Info:    Font shape `T1/cmtt/bx/n' in size <12> not available
(Font)              Font shape `T1/cmtt/m/n' tried instead on input line 377.

Overfull \hbox (6.93456pt too wide) in paragraph at lines 385--388
[]\T1/cmr/m/n/12 To sup-port \T1/cmr/bx/n/12 four sim-i-lar-ity met-rics \T1/cm
r/m/n/12 (Power, Co-sine, Eu-clidean, Man-hat-tan) through
 []


Overfull \hbox (1.61494pt too wide) in paragraph at lines 389--392
[]\T1/cmr/m/n/12 To pro-vide \T1/cmr/bx/n/12 four-phase per-for-mance pro-fil-i
ng \T1/cmr/m/n/12 (I/O, scat-ter, com-pu-ta-tion, gather)
 []

[8] [9]
Overfull \hbox (22.55681pt too wide) in paragraph at lines 406--411
\T1/cmtt/m/n/12 MPI_Scatterv\T1/cmr/m/n/12 . Af-ter com-pu-ta-tion, rank 0 col-
lects per-rank top-$\OML/cmm/m/it/12 k$ \T1/cmr/m/n/12 re-sults via \T1/cmtt/m/
n/12 MPI_Gather
 []

Package hyperref Info: bookmark level for unknown algorithm defaults to 0 on in
put line 433.
[10] [11]
Package hyperref Info: bookmark level for unknown lstlisting defaults to 0 on i
nput line 494.
 [12] [13]
Underfull \hbox (badness 5939) in paragraph at lines 562--562
[]|\T1/cmr/m/n/12 Sequential \T1/cmtt/m/n/12 MPI_Send
 []


Underfull \hbox (badness 4621) in paragraph at lines 563--563
[]|\T1/cmtt/m/n/12 MPI_Scatterv \T1/cmr/m/n/12 sin-gle
 []


Overfull \hbox (7.21219pt too wide) in paragraph at lines 564--565
[]|\T1/cmr/m/n/12 Performance| 
 []


Overfull \hbox (2.61328pt too wide) in paragraph at lines 568--569
[]|\T1/cmr/m/n/12 Correctness| 
 []


Overfull \hbox (19.59111pt too wide) in paragraph at lines 570--570
[]|\T1/cmtt/m/n/12 manhattanDistance| 
 []


Underfull \hbox (badness 10000) in paragraph at lines 570--571
[]|\T1/cmtt/m/n/12 abs() \T1/cmr/m/n/12 on \T1/cmtt/m/n/12 double
 []


Underfull \hbox (badness 10000) in paragraph at lines 572--572
[]|\T1/cmtt/m/n/12 fabs() \T1/cmr/m/n/12 from
 []


Overfull \hbox (2.61328pt too wide) in paragraph at lines 573--574
[]|\T1/cmr/m/n/12 Correctness| 
 []


Overfull \hbox (7.21219pt too wide) in paragraph at lines 576--577
[]|\T1/cmr/m/n/12 Performance| 
 []


Overfull \hbox (7.21219pt too wide) in paragraph at lines 580--581
[]|\T1/cmr/m/n/12 Performance| 
 []

[14] [15]
Underfull \hbox (badness 10000) in paragraph at lines 615--616
[]|\T1/cmr/bx/n/12 Features
 []


Underfull \hbox (badness 10000) in paragraph at lines 620--621
[]|\T1/cmr/bx/n/12 Features
 []


Underfull \hbox (badness 1466) in paragraph at lines 626--626
[]|\T1/cmr/m/n/12 Synthetic ran-dom in-te-
 []

[16]
Overfull \hbox (6.29895pt too wide) in paragraph at lines 668--668
|[]\T1/cmr/bx/n/14.4 MPI Scal-a-bil-ity Anal-y-sis (Pure MPI Base-line, 1 OMP T
hread)| 
 []


LaTeX Warning: `h' float specifier changed to `ht'.

[17]
Overfull \hbox (70.01585pt too wide) in paragraph at lines 734--750
 [][] 
 []

[18]

LaTeX Warning: `!h' float specifier changed to `!ht'.


LaTeX Warning: `h' float specifier changed to `ht'.

Package pgfplots info on input line 873: Using 'lua backend=false' for axis: x 
coord trafo unsupported.

LaTeX Warning: `!h' float specifier changed to `!ht'.


LaTeX Warning: `h' float specifier changed to `ht'.

[19] [20] [21] [22] [23] [24] (./main.bbl) [25] (./main.aux)
 ***********
LaTeX2e <2023-11-01> patch level 1
L3 programming layer <2024-01-22>
 ***********
Package rerunfilecheck Info: File `main.out' has not changed.
(rerunfilecheck)             Checksum: 10C87A747111ED25165660A3A59D8D0C;6323.
 ) 
Here is how much of TeX's memory you used:
 36018 strings out of 476106
 807870 string characters out of 5793933
 2008975 words of memory out of 5000000
 57327 multiletter control sequences out of 15000+600000
 579351 words of font info for 89 fonts, out of 8000000 for 9000
 59 hyphenation exceptions out of 8191
 84i,19n,87p,725b,2308s stack positions out of 10000i,1000n,20000p,200000b,200000s
 </root/.texlive2023/texmf-var/fonts/pk/ljfour/jknappen/ec/ecrm1095.600pk> </
root/.texlive2023/texmf-var/fonts/pk/ljfour/jknappen/ec/ectt1095.600pk> </root/
.texlive2023/texmf-var/fonts/pk/ljfour/jknappen/ec/ecrm0600.600pk> </root/.texl
ive2023/texmf-var/fonts/pk/ljfour/jknappen/ec/eccc1200.600pk> </root/.texlive20
23/texmf-var/fonts/pk/ljfour/jknappen/ec/ecrm1000.600pk> </root/.texlive2023/te
xmf-var/fonts/pk/ljfour/jknappen/ec/ecbi1200.600pk> </root/.texlive2023/texmf-v
ar/fonts/pk/ljfour/jknappen/ec/ectt1200.600pk> </root/.texlive2023/texmf-var/fo
nts/pk/ljfour/jknappen/ec/ecrm0800.600pk> </root/.texlive2023/texmf-var/fonts/p
k/ljfour/jknappen/ec/tcrm1200.600pk> </root/.texlive2023/texmf-var/fonts/pk/ljf
our/jknappen/ec/ecti1200.600pk> </root/.texlive2023/texmf-var/fonts/pk/ljfour/j
knappen/ec/ecrm1440.600pk> </root/.texlive2023/texmf-var/fonts/pk/ljfour/jknapp
en/ec/ecrm1200.600pk> </root/.texlive2023/texmf-var/fonts/pk/ljfour/jknappen/ec
/ecbx1200.600pk> </root/.texlive2023/texmf-var/fonts/pk/ljfour/jknappen/ec/ecbx
1440.600pk> </root/.texlive2023/texmf-var/fonts/pk/ljfour/jknappen/ec/ecti1440.
600pk> </root/.texlive2023/texmf-var/fonts/pk/ljfour/jknappen/ec/ecbx1728.600pk
></usr/share/texlive/texmf-dist/fonts/type1/public/amsfonts/cm/cmbx12.pfb></usr
/share/texlive/texmf-dist/fonts/type1/public/amsfonts/cm/cmbx8.pfb></usr/share/
texlive/texmf-dist/fonts/type1/public/amsfonts/cm/cmex10.pfb></usr/share/texliv
e/texmf-dist/fonts/type1/public/amsfonts/cm/cmmi10.pfb></usr/share/texlive/texm
f-dist/fonts/type1/public/amsfonts/cm/cmmi12.pfb></usr/share/texlive/texmf-dist
/fonts/type1/public/amsfonts/cm/cmmi6.pfb></usr/share/texlive/texmf-dist/fonts/
type1/public/amsfonts/cm/cmmi8.pfb></usr/share/texlive/texmf-dist/fonts/type1/p
ublic/amsfonts/cm/cmr10.pfb></usr/share/texlive/texmf-dist/fonts/type1/public/a
msfonts/cm/cmr12.pfb></usr/share/texlive/texmf-dist/fonts/type1/public/amsfonts
/cm/cmr8.pfb></usr/share/texlive/texmf-dist/fonts/type1/public/amsfonts/cm/cmsy
10.pfb></usr/share/texlive/texmf-dist/fonts/type1/public/amsfonts/cm/cmsy8.pfb>
</usr/share/texlive/texmf-dist/fonts/type1/public/amsfonts/symbols/msbm10.pfb>
Output written on main.pdf (29 pages, 388811 bytes).
PDF statistics:
 1207 PDF objects out of 1440 (max. 8388607)
 526 compressed objects within 6 object streams
 139 named destinations out of 1000 (max. 500000)
 306 words of extra memory for PDF output out of 10000 (max. 10000000)

